0 info it worked if it ends with ok
1 verbose cli [ '/Users/lukebarratt/.nvm/versions/node/v7.4.0/bin/node',
1 verbose cli   '/Users/lukebarratt/.nvm/versions/node/v7.4.0/bin/npm',
1 verbose cli   'start' ]
2 info using npm@4.0.5
3 info using node@v7.4.0
4 verbose stack Error: Failed to parse json
4 verbose stack Unexpected token 't' at 8:6
4 verbose stack     "test": "NODE_ENV=test jest"
4 verbose stack      ^
4 verbose stack     at parseError (/Users/lukebarratt/.nvm/versions/node/v7.4.0/lib/node_modules/npm/node_modules/read-package-json/read-json.js:390:11)
4 verbose stack     at parseJson (/Users/lukebarratt/.nvm/versions/node/v7.4.0/lib/node_modules/npm/node_modules/read-package-json/read-json.js:79:23)
4 verbose stack     at /Users/lukebarratt/.nvm/versions/node/v7.4.0/lib/node_modules/npm/node_modules/read-package-json/read-json.js:48:5
4 verbose stack     at /Users/lukebarratt/.nvm/versions/node/v7.4.0/lib/node_modules/npm/node_modules/graceful-fs/graceful-fs.js:78:16
4 verbose stack     at tryToString (fs.js:426:3)
4 verbose stack     at FSReqWrap.readFileAfterClose [as oncomplete] (fs.js:413:12)
5 verbose cwd /Users/lukebarratt/workspace/tcg
6 error Darwin 16.3.0
7 error argv "/Users/lukebarratt/.nvm/versions/node/v7.4.0/bin/node" "/Users/lukebarratt/.nvm/versions/node/v7.4.0/bin/npm" "start"
8 error node v7.4.0
9 error npm  v4.0.5
10 error file /Users/lukebarratt/workspace/tcg/package.json
11 error code EJSONPARSE
12 error Failed to parse json
12 error Unexpected token 't' at 8:6
12 error     "test": "NODE_ENV=test jest"
12 error      ^
13 error File: /Users/lukebarratt/workspace/tcg/package.json
14 error Failed to parse package.json data.
14 error package.json must be actual JSON, not just JavaScript.
14 error
14 error This is not a bug in npm.
14 error Tell the package author to fix their package.json file. JSON.parse
15 verbose exit [ 1, true ]
